<?xml version="1.0" encoding="UTF-8"?>
<testng-results skipped="0" failed="0" total="2" passed="2">
  <reporter-output>
  </reporter-output>
  <suite name="Default suite" duration-ms="5358" started-at="2015-02-07T02:25:00Z" finished-at="2015-02-07T02:25:05Z">
    <groups>
      <group name="PlanDaoTest">
        <method signature="PlanDaoTest.getPlan1Test()[pri:0, instance:gefp.model.dao.PlanDaoTest@7921b0a2]" name="getPlan1Test" class="gefp.model.dao.PlanDaoTest"/>
        <method signature="PlanDaoTest.getPlan2Test()[pri:0, instance:gefp.model.dao.PlanDaoTest@7921b0a2]" name="getPlan2Test" class="gefp.model.dao.PlanDaoTest"/>
      </group> <!-- PlanDaoTest -->
    </groups>
    <test name="Default test" duration-ms="5358" started-at="2015-02-07T02:25:00Z" finished-at="2015-02-07T02:25:05Z">
      <class name="gefp.model.dao.PlanDaoTest">
        <test-method status="PASS" signature="springTestContextPrepareTestInstance()[pri:0, instance:gefp.model.dao.PlanDaoTest@7921b0a2]" name="springTestContextPrepareTestInstance" is-config="true" duration-ms="5131" started-at="2015-02-06T18:25:00Z" finished-at="2015-02-06T18:25:05Z">
          <reporter-output>
          </reporter-output>
        </test-method> <!-- springTestContextPrepareTestInstance -->
        <test-method status="PASS" signature="springTestContextBeforeTestMethod(java.lang.reflect.Method)[pri:0, instance:gefp.model.dao.PlanDaoTest@7921b0a2]" name="springTestContextBeforeTestMethod" is-config="true" duration-ms="109" started-at="2015-02-06T18:25:05Z" finished-at="2015-02-06T18:25:05Z">
          <params>
            <param index="0">
              <value>
                <![CDATA[public void gefp.model.dao.PlanDaoTest.getPlan1Test()]]>
              </value>
            </param>
          </params>
          <reporter-output>
          </reporter-output>
        </test-method> <!-- springTestContextBeforeTestMethod -->
        <test-method status="PASS" signature="getPlan1Test()[pri:0, instance:gefp.model.dao.PlanDaoTest@7921b0a2]" name="getPlan1Test" duration-ms="47" started-at="2015-02-06T18:25:05Z" finished-at="2015-02-06T18:25:05Z">
          <reporter-output>
          </reporter-output>
        </test-method> <!-- getPlan1Test -->
        <test-method status="PASS" signature="springTestContextAfterTestMethod(java.lang.reflect.Method)[pri:0, instance:gefp.model.dao.PlanDaoTest@7921b0a2]" name="springTestContextAfterTestMethod" is-config="true" duration-ms="16" started-at="2015-02-06T18:25:05Z" finished-at="2015-02-06T18:25:05Z">
          <params>
            <param index="0">
              <value>
                <![CDATA[public void gefp.model.dao.PlanDaoTest.getPlan1Test()]]>
              </value>
            </param>
          </params>
          <reporter-output>
          </reporter-output>
        </test-method> <!-- springTestContextAfterTestMethod -->
        <test-method status="PASS" signature="springTestContextAfterTestMethod(java.lang.reflect.Method)[pri:0, instance:gefp.model.dao.PlanDaoTest@7921b0a2]" name="springTestContextAfterTestMethod" is-config="true" duration-ms="0" started-at="2015-02-06T18:25:05Z" finished-at="2015-02-06T18:25:05Z">
          <params>
            <param index="0">
              <value>
                <![CDATA[public void gefp.model.dao.PlanDaoTest.getPlan2Test()]]>
              </value>
            </param>
          </params>
          <reporter-output>
          </reporter-output>
        </test-method> <!-- springTestContextAfterTestMethod -->
        <test-method status="PASS" signature="springTestContextBeforeTestMethod(java.lang.reflect.Method)[pri:0, instance:gefp.model.dao.PlanDaoTest@7921b0a2]" name="springTestContextBeforeTestMethod" is-config="true" duration-ms="0" started-at="2015-02-06T18:25:05Z" finished-at="2015-02-06T18:25:05Z">
          <params>
            <param index="0">
              <value>
                <![CDATA[public void gefp.model.dao.PlanDaoTest.getPlan2Test()]]>
              </value>
            </param>
          </params>
          <reporter-output>
          </reporter-output>
        </test-method> <!-- springTestContextBeforeTestMethod -->
        <test-method status="PASS" signature="getPlan2Test()[pri:0, instance:gefp.model.dao.PlanDaoTest@7921b0a2]" name="getPlan2Test" duration-ms="0" started-at="2015-02-06T18:25:05Z" finished-at="2015-02-06T18:25:05Z">
          <reporter-output>
          </reporter-output>
        </test-method> <!-- getPlan2Test -->
      </class> <!-- gefp.model.dao.PlanDaoTest -->
    </test> <!-- Default test -->
  </suite> <!-- Default suite -->
</testng-results>
