<?xml version="1.0" encoding="UTF-8"?>
<!-- Generated by org.testng.reporters.JUnitXMLReporter -->
<testsuite hostname="Vatsal" name="Command line test" tests="3" failures="0" timestamp="12 Mar 2015 19:26:42 GMT" time="4.346" errors="0">
  <testcase name="getPlan1Test" time="0.0" classname="gefp.model.dao.PlanDaoTest"/>
  <testcase name="getUser1" time="0.515" classname="gefp.model.dao.UserDaoTest"/>
  <testcase name="getUser2" time="0.015" classname="gefp.model.dao.UserDaoTest"/>
</testsuite> <!-- Command line test -->
